<?xml version="1.0" encoding="UTF-8"?>
<testng-results skipped="0" failed="0" ignored="0" total="1" passed="1">
  <reporter-output>
  </reporter-output>
  <suite name="Command line suite" duration-ms="15" started-at="2021-06-17T19:25:06Z" finished-at="2021-06-17T19:25:06Z">
    <groups>
    </groups>
    <test name="Command line test" duration-ms="15" started-at="2021-06-17T19:25:06Z" finished-at="2021-06-17T19:25:06Z">
      <class name="MakemyTrip.MakeMyTrip.AppTest">
        <test-method status="PASS" signature="testApp()[pri:0, instance:testApp(MakemyTrip.MakeMyTrip.AppTest)]" name="testApp" duration-ms="1" started-at="2021-06-17T19:25:06Z" finished-at="2021-06-17T19:25:06Z">
          <reporter-output>
          </reporter-output>
        </test-method> <!-- testApp -->
      </class> <!-- MakemyTrip.MakeMyTrip.AppTest -->
    </test> <!-- Command line test -->
  </suite> <!-- Command line suite -->
</testng-results>
