<?xml version="1.0" encoding="UTF-8"?>
<!-- Generated by org.testng.reporters.JUnitXMLReporter -->
<testsuite hostname="TILLT07050" name="Guru 99 Smoke Test Demo" tests="2" failures="2" timestamp="1 Jul 2021 20:00:53 GMT" time="0.055" errors="0">
  <testcase name="selectdatestest" time="0.022" classname="Testcases.Home_Page_dates_flightsTest">
    <failure type="java.lang.NullPointerException">
      <![CDATA[java.lang.NullPointerException
	at Testcases.Home_Page_dates_flightsTest.selectdatestest(Home_Page_dates_flightsTest.java:32)
... Removed 24 stack frames]]>
    </failure>
  </testcase> <!-- selectdatestest -->
  <testcase name="travellerclasstest" time="0.002" classname="Testcases.Home_Page_dates_flightsTest">
    <failure type="java.lang.NullPointerException">
      <![CDATA[java.lang.NullPointerException
	at Testcases.Home_Page_dates_flightsTest.travellerclasstest(Home_Page_dates_flightsTest.java:37)
... Removed 24 stack frames]]>
    </failure>
  </testcase> <!-- travellerclasstest -->
</testsuite> <!-- Guru 99 Smoke Test Demo -->
