<?xml version="1.0" encoding="UTF-8"?>
<!-- Generated by org.testng.reporters.JUnitXMLReporter -->
<testsuite hostname="TILLT07050" name="Home_Page_dates_flightsTest" tests="2" failures="2" timestamp="7 Jul 2021 08:23:15 GMT" time="0.027" errors="0">
  <testcase name="selectdatestest" time="0.012" classname="Testcases.Home_Page_dates_flightsTest">
    <failure type="java.lang.NullPointerException">
      <![CDATA[java.lang.NullPointerException
	at Testcases.Home_Page_dates_flightsTest.selectdatestest(Home_Page_dates_flightsTest.java:32)
... Removed 24 stack frames]]>
    </failure>
  </testcase> <!-- selectdatestest -->
  <testcase name="travellerclasstest" time="0.001" classname="Testcases.Home_Page_dates_flightsTest">
    <failure type="java.lang.NullPointerException">
      <![CDATA[java.lang.NullPointerException
	at Testcases.Home_Page_dates_flightsTest.travellerclasstest(Home_Page_dates_flightsTest.java:37)
... Removed 24 stack frames]]>
    </failure>
  </testcase> <!-- travellerclasstest -->
</testsuite> <!-- Home_Page_dates_flightsTest -->
