<?xml version="1.0" encoding="UTF-8"?>
<testng-results skipped="0" failed="0" total="1" passed="1">
  <reporter-output>
  </reporter-output>
  <suite name="Default suite" duration-ms="23456" started-at="2021-08-24T14:41:14Z" finished-at="2021-08-24T14:41:38Z">
    <groups>
    </groups>
    <test name="Default test" duration-ms="23456" started-at="2021-08-24T14:41:14Z" finished-at="2021-08-24T14:41:38Z">
      <class name="Testcases.CityWiseActivityTest">
        <test-method status="PASS" signature="setup()[pri:0, instance:Testcases.CityWiseActivityTest@129a8472]" name="setup" is-config="true" duration-ms="9791" started-at="2021-08-24T20:11:14Z" finished-at="2021-08-24T20:11:24Z">
          <reporter-output>
          </reporter-output>
        </test-method> <!-- setup -->
        <test-method status="PASS" signature="changecitytointernationalTest()[pri:0, instance:Testcases.CityWiseActivityTest@129a8472]" name="changecitytointernationalTest" duration-ms="13650" started-at="2021-08-24T20:11:24Z" finished-at="2021-08-24T20:11:38Z">
          <reporter-output>
          </reporter-output>
        </test-method> <!-- changecitytointernationalTest -->
      </class> <!-- Testcases.CityWiseActivityTest -->
    </test> <!-- Default test -->
  </suite> <!-- Default suite -->
</testng-results>
