<?xml version="1.0" encoding="UTF-8"?>
<testng-results skipped="0" failed="0" total="1" passed="1">
  <reporter-output>
  </reporter-output>
  <suite name="Default suite" duration-ms="13427" started-at="2021-06-25T11:28:06Z" finished-at="2021-06-25T11:28:20Z">
    <groups>
    </groups>
    <test name="Default test" duration-ms="13427" started-at="2021-06-25T11:28:06Z" finished-at="2021-06-25T11:28:20Z">
      <class name="Testcases.Home_Page_dates_flightsTest">
        <test-method status="PASS" signature="setup()[pri:0, instance:Testcases.Home_Page_dates_flightsTest@129a8472]" name="setup" is-config="true" duration-ms="9298" started-at="2021-06-25T16:58:06Z" finished-at="2021-06-25T16:58:16Z">
          <reporter-output>
          </reporter-output>
        </test-method> <!-- setup -->
        <test-method status="PASS" signature="Home_Page_dates_flights()[pri:0, instance:Testcases.Home_Page_dates_flightsTest@129a8472]" name="Home_Page_dates_flights" duration-ms="4112" started-at="2021-06-25T16:58:16Z" finished-at="2021-06-25T16:58:20Z">
          <reporter-output>
          </reporter-output>
        </test-method> <!-- Home_Page_dates_flights -->
      </class> <!-- Testcases.Home_Page_dates_flightsTest -->
    </test> <!-- Default test -->
  </suite> <!-- Default suite -->
</testng-results>
