<?xml version="1.0" encoding="UTF-8" ?>
<testsuite tests="3" failures="2" name="TestSuite" time="68.874" errors="0" skipped="0">
  <properties>
[...]
</properties>
  <testcase classname="Testcases.SearchTest" name="moreitemstest" time="58.816">
    <failure message="no such element: Unable to locate element: {&quot;method&quot;:&quot;xpath&quot;,&quot;selector&quot;:&quot;//input[@placeholder=&apos;Activities, Tours or Destination&apos;]&quot;}
  (Session info: chrome=91.0.4472.106)
For documentation on this error, please visit: https://www.seleniumhq.org/exceptions/no_such_element.html
Build info: version: &apos;4.0.0-alpha-3&apos;, revision: &apos;8c567de6dc&apos;
System info: host: &apos;TILLT07050&apos;, ip: &apos;192.168.29.148&apos;, os.name: &apos;Windows 10&apos;, os.arch: &apos;amd64&apos;, os.version: &apos;10.0&apos;, java.version: &apos;1.8.0_231&apos;
Driver info: org.openqa.selenium.chrome.ChromeDriver
Capabilities {acceptInsecureCerts: false, browserName: chrome, browserVersion: 91.0.4472.106, chrome: {chromedriverVersion: 91.0.4472.101 (af52a90bf870..., userDataDir: C:\Users\PRIYA~1.SAX\AppDat...}, goog:chromeOptions: {debuggerAddress: localhost:55706}, javascriptEnabled: true, networkConnectionEnabled: false, pageLoadStrategy: normal, platform: WINDOWS, platformName: WINDOWS, proxy: Proxy(), setWindowRect: true, strictFileInteractability: false, timeouts: {implicit: 0, pageLoad: 300000, script: 30000}, unhandledPromptBehavior: dismiss and notify, webauthn:extension:largeBlob: true, webauthn:virtualAuthenticators: true}
Session ID: 17afa0ff71b69eb49e5b0d8cc3a91b27
*** Element info: {Using=xpath, value=//input[@placeholder=&apos;Activities, Tours or Destination&apos;]}" type="org.openqa.selenium.NoSuchElementException">org.openqa.selenium.NoSuchElementException: no such element: Unable to locate element: {&quot;method&quot;:&quot;xpath&quot;,&quot;selector&quot;:&quot;//input[@placeholder=&apos;Activities, Tours or Destination&apos;]&quot;}
  (Session info: chrome=91.0.4472.106)
For documentation on this error, please visit: https://www.seleniumhq.org/exceptions/no_such_element.html
Build info: version: &apos;4.0.0-alpha-3&apos;, revision: &apos;8c567de6dc&apos;
System info: host: &apos;TILLT07050&apos;, ip: &apos;192.168.29.148&apos;, os.name: &apos;Windows 10&apos;, os.arch: &apos;amd64&apos;, os.version: &apos;10.0&apos;, java.version: &apos;1.8.0_231&apos;
Driver info: org.openqa.selenium.chrome.ChromeDriver
Capabilities {acceptInsecureCerts: false, browserName: chrome, browserVersion: 91.0.4472.106, chrome: {chromedriverVersion: 91.0.4472.101 (af52a90bf870..., userDataDir: C:\Users\PRIYA~1.SAX\AppDat...}, goog:chromeOptions: {debuggerAddress: localhost:55706}, javascriptEnabled: true, networkConnectionEnabled: false, pageLoadStrategy: normal, platform: WINDOWS, platformName: WINDOWS, proxy: Proxy(), setWindowRect: true, strictFileInteractability: false, timeouts: {implicit: 0, pageLoad: 300000, script: 30000}, unhandledPromptBehavior: dismiss and notify, webauthn:extension:largeBlob: true, webauthn:virtualAuthenticators: true}
Session ID: 17afa0ff71b69eb49e5b0d8cc3a91b27
*** Element info: {Using=xpath, value=//input[@placeholder=&apos;Activities, Tours or Destination&apos;]}
	at sun.reflect.NativeConstructorAccessorImpl.newInstance0(Native Method)
	at sun.reflect.NativeConstructorAccessorImpl.newInstance(NativeConstructorAccessorImpl.java:62)
	at sun.reflect.DelegatingConstructorAccessorImpl.newInstance(DelegatingConstructorAccessorImpl.java:45)
	at java.lang.reflect.Constructor.newInstance(Constructor.java:423)
	at org.openqa.selenium.remote.codec.w3c.W3CHttpResponseCodec.createException(W3CHttpResponseCodec.java:191)
	at org.openqa.selenium.remote.codec.w3c.W3CHttpResponseCodec.decode(W3CHttpResponseCodec.java:125)
	at org.openqa.selenium.remote.codec.w3c.W3CHttpResponseCodec.decode(W3CHttpResponseCodec.java:52)
	at org.openqa.selenium.remote.HttpCommandExecutor.execute(HttpCommandExecutor.java:161)
	at org.openqa.selenium.remote.service.DriverCommandExecutor.execute(DriverCommandExecutor.java:83)
	at org.openqa.selenium.remote.RemoteWebDriver.execute(RemoteWebDriver.java:576)
	at org.openqa.selenium.remote.RemoteWebDriver.findElement(RemoteWebDriver.java:327)
	at org.openqa.selenium.remote.RemoteWebDriver.findElementByXPath(RemoteWebDriver.java:445)
	at org.openqa.selenium.By$ByXPath.findElement(By.java:396)
	at org.openqa.selenium.remote.RemoteWebDriver.findElement(RemoteWebDriver.java:319)
	at sun.reflect.NativeMethodAccessorImpl.invoke0(Native Method)
	at sun.reflect.NativeMethodAccessorImpl.invoke(NativeMethodAccessorImpl.java:62)
	at sun.reflect.DelegatingMethodAccessorImpl.invoke(DelegatingMethodAccessorImpl.java:43)
	at java.lang.reflect.Method.invoke(Method.java:498)
	at org.openqa.selenium.support.events.EventFiringWebDriver.lambda$new$1(EventFiringWebDriver.java:106)
	at com.sun.proxy.$Proxy4.findElement(Unknown Source)
	at org.openqa.selenium.support.events.EventFiringWebDriver.findElement(EventFiringWebDriver.java:195)
	at org.openqa.selenium.support.pagefactory.DefaultElementLocator.findElement(DefaultElementLocator.java:70)
	at org.openqa.selenium.support.pagefactory.internal.LocatingElementHandler.invoke(LocatingElementHandler.java:39)
	at com.sun.proxy.$Proxy8.isDisplayed(Unknown Source)
	at Testcases.SearchTest.moreitemstest(SearchTest.java:45)
</failure>
    <system-out>Configuring TestNG with: org.apache.maven.surefire.testng.conf.TestNG652Configurator@69222c14
Before navigating to: &apos;https://www.makemytrip.com/&apos;
Navigated to:&apos;https://www.makemytrip.com/&apos;
Trying to find Element By : By.xpath: //p[@class=&apos;login__earn font18 latoBlack appendBottom20 defaultCursor textCenter&apos;]
Found Element By : By.xpath: //p[@class=&apos;login__earn font18 latoBlack appendBottom20 defaultCursor textCenter&apos;]
Trying to find Element By : By.xpath: //*[@class=&apos;makeFlex hrtlCenter font10 makeRelative lhUser&apos;]
Found Element By : By.xpath: //*[@class=&apos;makeFlex hrtlCenter font10 makeRelative lhUser&apos;]
Trying to click on: [[ChromeDriver: chrome on WINDOWS (17afa0ff71b69eb49e5b0d8cc3a91b27)] -&gt; xpath: //*[@class=&apos;makeFlex hrtlCenter font10 makeRelative lhUser&apos;]]
Clicked on: [[ChromeDriver: chrome on WINDOWS (17afa0ff71b69eb49e5b0d8cc3a91b27)] -&gt; xpath: //*[@class=&apos;makeFlex hrtlCenter font10 makeRelative lhUser&apos;]]
Trying to find Element By : By.xpath: //a[text()=&apos;Search&apos;]
Found Element By : By.xpath: //a[text()=&apos;Search&apos;]
Trying to click on: [[ChromeDriver: chrome on WINDOWS (17afa0ff71b69eb49e5b0d8cc3a91b27)] -&gt; xpath: //a[text()=&apos;Search&apos;]]
Clicked on: [[ChromeDriver: chrome on WINDOWS (17afa0ff71b69eb49e5b0d8cc3a91b27)] -&gt; xpath: //a[text()=&apos;Search&apos;]]
Trying to find Element By : By.xpath: //li[@data-cy=&apos;menu_More&apos;]/a[@class=&apos; makeFlex hrtlCenter column&apos;]/span[2]
Found Element By : By.xpath: //li[@data-cy=&apos;menu_More&apos;]/a[@class=&apos; makeFlex hrtlCenter column&apos;]/span[2]
Trying to click on: [[ChromeDriver: chrome on WINDOWS (17afa0ff71b69eb49e5b0d8cc3a91b27)] -&gt; xpath: //li[@data-cy=&apos;menu_More&apos;]/a[@class=&apos; makeFlex hrtlCenter column&apos;]/span[2]]
Clicked on: [[ChromeDriver: chrome on WINDOWS (17afa0ff71b69eb49e5b0d8cc3a91b27)] -&gt; xpath: //li[@data-cy=&apos;menu_More&apos;]/a[@class=&apos; makeFlex hrtlCenter column&apos;]/span[2]]
Trying to find Element By : By.xpath: //a[@href=&apos;https://www.makemytrip.com/support/in/eng/contact-us.php&apos;]
Found Element By : By.xpath: //a[@href=&apos;https://www.makemytrip.com/support/in/eng/contact-us.php&apos;]
Trying to find Element By : By.xpath: //input[@placeholder=&apos;Activities, Tours or Destination&apos;]
Exception occured: org.openqa.selenium.NoSuchElementException: no such element: Unable to locate element: {&quot;method&quot;:&quot;xpath&quot;,&quot;selector&quot;:&quot;//input[@placeholder=&apos;Activities, Tours or Destination&apos;]&quot;}
  (Session info: chrome=91.0.4472.106)
For documentation on this error, please visit: https://www.seleniumhq.org/exceptions/no_such_element.html
Build info: version: &apos;4.0.0-alpha-3&apos;, revision: &apos;8c567de6dc&apos;
System info: host: &apos;TILLT07050&apos;, ip: &apos;192.168.29.148&apos;, os.name: &apos;Windows 10&apos;, os.arch: &apos;amd64&apos;, os.version: &apos;10.0&apos;, java.version: &apos;1.8.0_231&apos;
Driver info: org.openqa.selenium.chrome.ChromeDriver
Capabilities {acceptInsecureCerts: false, browserName: chrome, browserVersion: 91.0.4472.106, chrome: {chromedriverVersion: 91.0.4472.101 (af52a90bf870..., userDataDir: C:\Users\PRIYA~1.SAX\AppDat...}, goog:chromeOptions: {debuggerAddress: localhost:55706}, javascriptEnabled: true, networkConnectionEnabled: false, pageLoadStrategy: normal, platform: WINDOWS, platformName: WINDOWS, proxy: Proxy(), setWindowRect: true, strictFileInteractability: false, timeouts: {implicit: 0, pageLoad: 300000, script: 30000}, unhandledPromptBehavior: dismiss and notify, webauthn:extension:largeBlob: true, webauthn:virtualAuthenticators: true}
Session ID: 17afa0ff71b69eb49e5b0d8cc3a91b27
*** Element info: {Using=xpath, value=//input[@placeholder=&apos;Activities, Tours or Destination&apos;]}
</system-out>
    <system-err>Starting ChromeDriver 91.0.4472.101 (af52a90bf87030dd1523486a1cd3ae25c5d76c9b-refs/branch-heads/4472@{#1462}) on port 8713
Only local connections are allowed.
Please see https://chromedriver.chromium.org/security-considerations for suggestions on keeping ChromeDriver safe.
ChromeDriver was started successfully.
Jun 18, 2021 12:53:51 AM org.openqa.selenium.remote.ProtocolHandshake createSession
INFO: Detected dialect: W3C
</system-err>
  </testcase>
  <testcase classname="Testcases.HomePageTest" name="loginTest" time="4.87">
    <failure message="element click intercepted: Element &lt;li data-cy=&quot;account&quot; class=&quot;makeFlex hrtlCenter font10 makeRelative lhUser&quot;&gt;...&lt;/li&gt; is not clickable at point (965, 23). Other element would receive the click: &lt;div data-cy=&quot;outsideModal&quot; class=&quot; modal displayBlock modalLogin dynHeight personal &quot;&gt;...&lt;/div&gt;
  (Session info: chrome=91.0.4472.106)
Build info: version: &apos;4.0.0-alpha-3&apos;, revision: &apos;8c567de6dc&apos;
System info: host: &apos;TILLT07050&apos;, ip: &apos;192.168.29.148&apos;, os.name: &apos;Windows 10&apos;, os.arch: &apos;amd64&apos;, os.version: &apos;10.0&apos;, java.version: &apos;1.8.0_231&apos;
Driver info: org.openqa.selenium.chrome.ChromeDriver
Capabilities {acceptInsecureCerts: false, browserName: chrome, browserVersion: 91.0.4472.106, chrome: {chromedriverVersion: 91.0.4472.101 (af52a90bf870..., userDataDir: C:\Users\PRIYA~1.SAX\AppDat...}, goog:chromeOptions: {debuggerAddress: localhost:60634}, javascriptEnabled: true, networkConnectionEnabled: false, pageLoadStrategy: normal, platform: WINDOWS, platformName: WINDOWS, proxy: Proxy(), setWindowRect: true, strictFileInteractability: false, timeouts: {implicit: 0, pageLoad: 300000, script: 30000}, unhandledPromptBehavior: dismiss and notify, webauthn:extension:largeBlob: true, webauthn:virtualAuthenticators: true}
Session ID: d77129c1ed171445d2584c0a9904b5cf" type="org.openqa.selenium.ElementClickInterceptedException">org.openqa.selenium.ElementClickInterceptedException: element click intercepted: Element &lt;li data-cy=&quot;account&quot; class=&quot;makeFlex hrtlCenter font10 makeRelative lhUser&quot;&gt;...&lt;/li&gt; is not clickable at point (965, 23). Other element would receive the click: &lt;div data-cy=&quot;outsideModal&quot; class=&quot; modal displayBlock modalLogin dynHeight personal &quot;&gt;...&lt;/div&gt;
  (Session info: chrome=91.0.4472.106)
Build info: version: &apos;4.0.0-alpha-3&apos;, revision: &apos;8c567de6dc&apos;
System info: host: &apos;TILLT07050&apos;, ip: &apos;192.168.29.148&apos;, os.name: &apos;Windows 10&apos;, os.arch: &apos;amd64&apos;, os.version: &apos;10.0&apos;, java.version: &apos;1.8.0_231&apos;
Driver info: org.openqa.selenium.chrome.ChromeDriver
Capabilities {acceptInsecureCerts: false, browserName: chrome, browserVersion: 91.0.4472.106, chrome: {chromedriverVersion: 91.0.4472.101 (af52a90bf870..., userDataDir: C:\Users\PRIYA~1.SAX\AppDat...}, goog:chromeOptions: {debuggerAddress: localhost:60634}, javascriptEnabled: true, networkConnectionEnabled: false, pageLoadStrategy: normal, platform: WINDOWS, platformName: WINDOWS, proxy: Proxy(), setWindowRect: true, strictFileInteractability: false, timeouts: {implicit: 0, pageLoad: 300000, script: 30000}, unhandledPromptBehavior: dismiss and notify, webauthn:extension:largeBlob: true, webauthn:virtualAuthenticators: true}
Session ID: d77129c1ed171445d2584c0a9904b5cf
	at sun.reflect.NativeConstructorAccessorImpl.newInstance0(Native Method)
	at sun.reflect.NativeConstructorAccessorImpl.newInstance(NativeConstructorAccessorImpl.java:62)
	at sun.reflect.DelegatingConstructorAccessorImpl.newInstance(DelegatingConstructorAccessorImpl.java:45)
	at java.lang.reflect.Constructor.newInstance(Constructor.java:423)
	at org.openqa.selenium.remote.codec.w3c.W3CHttpResponseCodec.createException(W3CHttpResponseCodec.java:191)
	at org.openqa.selenium.remote.codec.w3c.W3CHttpResponseCodec.decode(W3CHttpResponseCodec.java:125)
	at org.openqa.selenium.remote.codec.w3c.W3CHttpResponseCodec.decode(W3CHttpResponseCodec.java:52)
	at org.openqa.selenium.remote.HttpCommandExecutor.execute(HttpCommandExecutor.java:161)
	at org.openqa.selenium.remote.service.DriverCommandExecutor.execute(DriverCommandExecutor.java:83)
	at org.openqa.selenium.remote.RemoteWebDriver.execute(RemoteWebDriver.java:576)
	at org.openqa.selenium.remote.RemoteWebElement.execute(RemoteWebElement.java:308)
	at org.openqa.selenium.remote.RemoteWebElement.click(RemoteWebElement.java:83)
	at sun.reflect.NativeMethodAccessorImpl.invoke0(Native Method)
	at sun.reflect.NativeMethodAccessorImpl.invoke(NativeMethodAccessorImpl.java:62)
	at sun.reflect.DelegatingMethodAccessorImpl.invoke(DelegatingMethodAccessorImpl.java:43)
	at java.lang.reflect.Method.invoke(Method.java:498)
	at org.openqa.selenium.support.events.EventFiringWebDriver$EventFiringWebElement.lambda$new$0(EventFiringWebDriver.java:405)
	at com.sun.proxy.$Proxy9.click(Unknown Source)
	at org.openqa.selenium.support.events.EventFiringWebDriver$EventFiringWebElement.click(EventFiringWebDriver.java:418)
	at sun.reflect.NativeMethodAccessorImpl.invoke0(Native Method)
	at sun.reflect.NativeMethodAccessorImpl.invoke(NativeMethodAccessorImpl.java:62)
	at sun.reflect.DelegatingMethodAccessorImpl.invoke(DelegatingMethodAccessorImpl.java:43)
	at java.lang.reflect.Method.invoke(Method.java:498)
	at org.openqa.selenium.support.pagefactory.internal.LocatingElementHandler.invoke(LocatingElementHandler.java:52)
	at com.sun.proxy.$Proxy8.click(Unknown Source)
	at Pages.HomePage.login(HomePage.java:53)
	at Testcases.HomePageTest.loginTest(HomePageTest.java:45)
</failure>
    <system-out>Before navigating to: &apos;https://www.makemytrip.com/&apos;
Navigated to:&apos;https://www.makemytrip.com/&apos;
Trying to find Element By : By.xpath: //*[@class=&apos;makeFlex hrtlCenter font10 makeRelative lhUser&apos;]
Found Element By : By.xpath: //*[@class=&apos;makeFlex hrtlCenter font10 makeRelative lhUser&apos;]
Trying to click on: [[ChromeDriver: chrome on WINDOWS (d77129c1ed171445d2584c0a9904b5cf)] -&gt; xpath: //*[@class=&apos;makeFlex hrtlCenter font10 makeRelative lhUser&apos;]]
Clicked on: [[ChromeDriver: chrome on WINDOWS (d77129c1ed171445d2584c0a9904b5cf)] -&gt; xpath: //*[@class=&apos;makeFlex hrtlCenter font10 makeRelative lhUser&apos;]]
Trying to find Element By : By.xpath: //*[@class=&apos;makeFlex hrtlCenter font10 makeRelative lhUser&apos;]
Found Element By : By.xpath: //*[@class=&apos;makeFlex hrtlCenter font10 makeRelative lhUser&apos;]
Trying to click on: [[ChromeDriver: chrome on WINDOWS (d77129c1ed171445d2584c0a9904b5cf)] -&gt; xpath: //*[@class=&apos;makeFlex hrtlCenter font10 makeRelative lhUser&apos;]]
Exception occured: org.openqa.selenium.ElementClickInterceptedException: element click intercepted: Element &lt;li data-cy=&quot;account&quot; class=&quot;makeFlex hrtlCenter font10 makeRelative lhUser&quot;&gt;...&lt;/li&gt; is not clickable at point (965, 23). Other element would receive the click: &lt;div data-cy=&quot;outsideModal&quot; class=&quot; modal displayBlock modalLogin dynHeight personal &quot;&gt;...&lt;/div&gt;
  (Session info: chrome=91.0.4472.106)
Build info: version: &apos;4.0.0-alpha-3&apos;, revision: &apos;8c567de6dc&apos;
System info: host: &apos;TILLT07050&apos;, ip: &apos;192.168.29.148&apos;, os.name: &apos;Windows 10&apos;, os.arch: &apos;amd64&apos;, os.version: &apos;10.0&apos;, java.version: &apos;1.8.0_231&apos;
Driver info: org.openqa.selenium.chrome.ChromeDriver
Capabilities {acceptInsecureCerts: false, browserName: chrome, browserVersion: 91.0.4472.106, chrome: {chromedriverVersion: 91.0.4472.101 (af52a90bf870..., userDataDir: C:\Users\PRIYA~1.SAX\AppDat...}, goog:chromeOptions: {debuggerAddress: localhost:60634}, javascriptEnabled: true, networkConnectionEnabled: false, pageLoadStrategy: normal, platform: WINDOWS, platformName: WINDOWS, proxy: Proxy(), setWindowRect: true, strictFileInteractability: false, timeouts: {implicit: 0, pageLoad: 300000, script: 30000}, unhandledPromptBehavior: dismiss and notify, webauthn:extension:largeBlob: true, webauthn:virtualAuthenticators: true}
Session ID: d77129c1ed171445d2584c0a9904b5cf
</system-out>
    <system-err>Starting ChromeDriver 91.0.4472.101 (af52a90bf87030dd1523486a1cd3ae25c5d76c9b-refs/branch-heads/4472@{#1462}) on port 10733
Only local connections are allowed.
Please see https://chromedriver.chromium.org/security-considerations for suggestions on keeping ChromeDriver safe.
ChromeDriver was started successfully.
Jun 18, 2021 12:54:57 AM org.openqa.selenium.remote.ProtocolHandshake createSession
INFO: Detected dialect: W3C
</system-err>
  </testcase>
  <testcase classname="MakemyTrip.MakeMyTrip.AppTest" name="testApp on testApp(MakemyTrip.MakeMyTrip.AppTest)" time="5.188"/>
</testsuite>